# JRE version: OpenJDK Runtime Environment (11.0.17+8) (build 11.0.17+8-post-Ubuntu-1ubuntu222.04)
# Java VM: OpenJDK 64-Bit Server VM (11.0.17+8-post-Ubuntu-1ubuntu222.04, mixed mode, sharing, tiered, compressed oops, g1 gc, linux-amd64)
Heap:
 garbage-first heap   total 16384K, used 6277K [0x0000000707200000, 0x0000000800000000)
  region size 1024K, 2 young (2048K), 1 survivors (1024K)
 Metaspace       used 8339K, capacity 11052K, committed 11264K, reserved 1058816K
  class space    used 960K, capacity 1266K, committed 1280K, reserved 1048576K
GC Heap History (16 events):
Event: 0,128 GC heap before
{Heap before GC invocations=0 (full 0):
 garbage-first heap   total 10240K, used 3788K [0x0000000707200000, 0x0000000800000000)
  region size 1024K, 3 young (3072K), 0 survivors (0K)
 Metaspace       used 2779K, capacity 6641K, committed 6912K, reserved 1056768K
  class space    used 338K, capacity 708K, committed 768K, reserved 1048576K
}
Event: 0,132 GC heap after
{Heap after GC invocations=1 (full 0):
 garbage-first heap   total 10240K, used 1867K [0x0000000707200000, 0x0000000800000000)
  region size 1024K, 1 young (1024K), 1 survivors (1024K)
 Metaspace       used 2779K, capacity 6641K, committed 6912K, reserved 1056768K
  class space    used 338K, capacity 708K, committed 768K, reserved 1048576K
}
Event: 0,209 GC heap before
{Heap before GC invocations=1 (full 0):
 garbage-first heap   total 10240K, used 2891K [0x0000000707200000, 0x0000000800000000)
  region size 1024K, 3 young (3072K), 1 survivors (1024K)
 Metaspace       used 5951K, capacity 9469K, committed 9600K, reserved 1058816K
  class space    used 754K, capacity 1100K, committed 1152K, reserved 1048576K
}
Event: 0,214 GC heap after
{Heap after GC invocations=2 (full 0):
 garbage-first heap   total 10240K, used 2533K [0x0000000707200000, 0x0000000800000000)
  region size 1024K, 1 young (1024K), 1 survivors (1024K)
 Metaspace       used 5951K, capacity 9469K, committed 9600K, reserved 1058816K
  class space    used 754K, capacity 1100K, committed 1152K, reserved 1048576K
}
Event: 0,263 GC heap before
{Heap before GC invocations=2 (full 0):
 garbage-first heap   total 10240K, used 3557K [0x0000000707200000, 0x0000000800000000)
  region size 1024K, 2 young (2048K), 1 survivors (1024K)
 Metaspace       used 7271K, capacity 10615K, committed 10752K, reserved 1058816K
  class space    used 865K, capacity 1205K, committed 1280K, reserved 1048576K
}
Event: 0,265 GC heap after
{Heap after GC invocations=3 (full 0):
 garbage-first heap   total 10240K, used 2846K [0x0000000707200000, 0x0000000800000000)
  region size 1024K, 1 young (1024K), 1 survivors (1024K)
 Metaspace       used 7271K, capacity 10615K, committed 10752K, reserved 1058816K
  class space    used 865K, capacity 1205K, committed 1280K, reserved 1048576K
}
Event: 0,287 GC heap before
{Heap before GC invocations=4 (full 0):
 garbage-first heap   total 10240K, used 2846K [0x0000000707200000, 0x0000000800000000)
  region size 1024K, 2 young (2048K), 1 survivors (1024K)
 Metaspace       used 7331K, capacity 10679K, committed 11008K, reserved 1058816K
  class space    used 865K, capacity 1205K, committed 1280K, reserved 1048576K
}
Event: 0,288 GC heap after
{Heap after GC invocations=5 (full 0):
 garbage-first heap   total 10240K, used 3129K [0x0000000707200000, 0x0000000800000000)
  region size 1024K, 1 young (1024K), 1 survivors (1024K)
 Metaspace       used 7331K, capacity 10679K, committed 11008K, reserved 1058816K
  class space    used 865K, capacity 1205K, committed 1280K, reserved 1048576K
}
Event: 0,305 GC heap before
{Heap before GC invocations=5 (full 0):
 garbage-first heap   total 10240K, used 4153K [0x0000000707200000, 0x0000000800000000)
  region size 1024K, 2 young (2048K), 1 survivors (1024K)
 Metaspace       used 7482K, capacity 10767K, committed 11008K, reserved 1058816K
  class space    used 879K, capacity 1213K, committed 1280K, reserved 1048576K
}
Event: 0,307 GC heap after
{Heap after GC invocations=6 (full 0):
 garbage-first heap   total 16384K, used 3408K [0x0000000707200000, 0x0000000800000000)
  region size 1024K, 1 young (1024K), 1 survivors (1024K)
 Metaspace       used 7482K, capacity 10767K, committed 11008K, reserved 1058816K
  class space    used 879K, capacity 1213K, committed 1280K, reserved 1048576K
}
Event: 0,358 GC heap before
{Heap before GC invocations=7 (full 0):
 garbage-first heap   total 16384K, used 5456K [0x0000000707200000, 0x0000000800000000)
  region size 1024K, 4 young (4096K), 1 survivors (1024K)
 Metaspace       used 8103K, capacity 10974K, committed 11264K, reserved 1058816K
  class space    used 946K, capacity 1261K, committed 1280K, reserved 1048576K
}
Event: 0,361 GC heap after
{Heap after GC invocations=8 (full 0):
 garbage-first heap   total 16384K, used 4737K [0x0000000707200000, 0x0000000800000000)
  region size 1024K, 1 young (1024K), 1 survivors (1024K)
 Metaspace       used 8103K, capacity 10974K, committed 11264K, reserved 1058816K
  class space    used 946K, capacity 1261K, committed 1280K, reserved 1048576K
}
Event: 0,400 GC heap before
{Heap before GC invocations=8 (full 0):
 garbage-first heap   total 16384K, used 7809K [0x0000000707200000, 0x0000000800000000)
  region size 1024K, 4 young (4096K), 1 survivors (1024K)
 Metaspace       used 8297K, capacity 11038K, committed 11264K, reserved 1058816K
  class space    used 957K, capacity 1261K, committed 1280K, reserved 1048576K
}
Event: 0,403 GC heap after
{Heap after GC invocations=9 (full 0):
 garbage-first heap   total 16384K, used 5904K [0x0000000707200000, 0x0000000800000000)
  region size 1024K, 1 young (1024K), 1 survivors (1024K)
 Metaspace       used 8297K, capacity 11038K, committed 11264K, reserved 1058816K
  class space    used 957K, capacity 1261K, committed 1280K, reserved 1048576K
}
Event: 0,413 GC heap before
{Heap before GC invocations=9 (full 0):
 garbage-first heap   total 16384K, used 7952K [0x0000000707200000, 0x0000000800000000)
  region size 1024K, 3 young (3072K), 1 survivors (1024K)
 Metaspace       used 8324K, capacity 11038K, committed 11264K, reserved 1058816K
  class space    used 957K, capacity 1261K, committed 1280K, reserved 1048576K
}
Event: 0,414 GC heap after
{Heap after GC invocations=10 (full 0):
 garbage-first heap   total 16384K, used 6277K [0x0000000707200000, 0x0000000800000000)
  region size 1024K, 1 young (1024K), 1 survivors (1024K)
 Metaspace       used 8324K, capacity 11038K, committed 11264K, reserved 1058816K
  class space    used 957K, capacity 1261K, committed 1280K, reserved 1048576K
}

